# JRE version: OpenJDK Runtime Environment (22.0+36) (build 22+36-2370)
# Java VM: OpenJDK 64-Bit Server VM (22+36-2370, mixed mode, sharing, tiered, compressed oops, compressed class ptrs, g1 gc, windows-amd64)
GC Precious Log:
 CardTable entry size: 512
 Card Set container configuration: InlinePtr #cards 4 size 8 Array Of Cards #cards 16 size 48 Howl #buckets 8 coarsen threshold 3686 Howl Bitmap #cards 512 size 80 coarsen threshold 460 Card regions per heap region 1 cards per card region 4096
 CPUs: 8 total, 8 available
 Memory: 16202M
 Large Page Support: Disabled
 NUMA Support: Disabled
 Compressed Oops: Enabled (Zero based)
 Heap Region Size: 2M
 Heap Min Capacity: 8M
 Heap Initial Capacity: 254M
 Heap Max Capacity: 4052M
 Pre-touch: Disabled
 Parallel Workers: 8
 Concurrent Workers: 2
 Concurrent Refinement Workers: 8
 Periodic GC: Disabled
Heap:
 garbage-first heap   total reserved 4149248K, committed 425984K, used 342769K [0x0000000702c00000, 0x0000000800000000)
  region size 2048K, 76 young (155648K), 7 survivors (14336K)
 Metaspace       used 33284K, committed 33920K, reserved 1114112K
  class space    used 4406K, committed 4672K, reserved 1048576K
GC Heap History (14 events):
Event: 0.485 GC heap before
{Heap before GC invocations=0 (full 0):
 garbage-first heap   total reserved 4149248K, committed 260096K, used 22528K [0x0000000702c00000, 0x0000000800000000)
  region size 2048K, 12 young (24576K), 0 survivors (0K)
 Metaspace       used 4520K, committed 4736K, reserved 1114112K
  class space    used 500K, committed 576K, reserved 1048576K
}
Event: 0.487 GC heap after
{Heap after GC invocations=1 (full 0):
 garbage-first heap   total reserved 4149248K, committed 260096K, used 2773K [0x0000000702c00000, 0x0000000800000000)
  region size 2048K, 2 young (4096K), 2 survivors (4096K)
 Metaspace       used 4520K, committed 4736K, reserved 1114112K
  class space    used 500K, committed 576K, reserved 1048576K
}
Event: 1.109 GC heap before
{Heap before GC invocations=1 (full 0):
 garbage-first heap   total reserved 4149248K, committed 260096K, used 49877K [0x0000000702c00000, 0x0000000800000000)
  region size 2048K, 24 young (49152K), 2 survivors (4096K)
 Metaspace       used 15289K, committed 15680K, reserved 1114112K
  class space    used 1986K, committed 2176K, reserved 1048576K
}
Event: 1.115 GC heap after
{Heap after GC invocations=2 (full 0):
 garbage-first heap   total reserved 4149248K, committed 260096K, used 13220K [0x0000000702c00000, 0x0000000800000000)
  region size 2048K, 3 young (6144K), 3 survivors (6144K)
 Metaspace       used 15289K, committed 15680K, reserved 1114112K
  class space    used 1986K, committed 2176K, reserved 1048576K
}
Event: 1.365 GC heap before
{Heap before GC invocations=2 (full 0):
 garbage-first heap   total reserved 4149248K, committed 260096K, used 117668K [0x0000000702c00000, 0x0000000800000000)
  region size 2048K, 5 young (10240K), 3 survivors (6144K)
 Metaspace       used 15524K, committed 15872K, reserved 1114112K
  class space    used 2029K, committed 2176K, reserved 1048576K
}
Event: 1.368 GC heap after
{Heap after GC invocations=3 (full 0):
 garbage-first heap   total reserved 4149248K, committed 260096K, used 115727K [0x0000000702c00000, 0x0000000800000000)
  region size 2048K, 4 young (8192K), 4 survivors (8192K)
 Metaspace       used 15524K, committed 15872K, reserved 1114112K
  class space    used 2029K, committed 2176K, reserved 1048576K
}
Event: 1.425 GC heap before
{Heap before GC invocations=3 (full 0):
 garbage-first heap   total reserved 4149248K, committed 260096K, used 140303K [0x0000000702c00000, 0x0000000800000000)
  region size 2048K, 5 young (10240K), 4 survivors (8192K)
 Metaspace       used 15526K, committed 15872K, reserved 1114112K
  class space    used 2029K, committed 2176K, reserved 1048576K
}
Event: 1.429 GC heap after
{Heap after GC invocations=4 (full 0):
 garbage-first heap   total reserved 4149248K, committed 260096K, used 140193K [0x0000000702c00000, 0x0000000800000000)
  region size 2048K, 3 young (6144K), 3 survivors (6144K)
 Metaspace       used 15526K, committed 15872K, reserved 1114112K
  class space    used 2029K, committed 2176K, reserved 1048576K
}
Event: 1.489 GC heap before
{Heap before GC invocations=5 (full 0):
 garbage-first heap   total reserved 4149248K, committed 276480K, used 164769K [0x0000000702c00000, 0x0000000800000000)
  region size 2048K, 4 young (8192K), 3 survivors (6144K)
 Metaspace       used 15526K, committed 15872K, reserved 1114112K
  class space    used 2029K, committed 2176K, reserved 1048576K
}
Event: 1.492 GC heap after
{Heap after GC invocations=6 (full 0):
 garbage-first heap   total reserved 4149248K, committed 276480K, used 164931K [0x0000000702c00000, 0x0000000800000000)
  region size 2048K, 4 young (8192K), 4 survivors (8192K)
 Metaspace       used 15526K, committed 15872K, reserved 1114112K
  class space    used 2029K, committed 2176K, reserved 1048576K
}
Event: 1.989 GC heap before
{Heap before GC invocations=7 (full 0):
 garbage-first heap   total reserved 4149248K, committed 321536K, used 224323K [0x0000000702c00000, 0x0000000800000000)
  region size 2048K, 22 young (45056K), 4 survivors (8192K)
 Metaspace       used 20611K, committed 21056K, reserved 1114112K
  class space    used 2931K, committed 3136K, reserved 1048576K
}
Event: 1.996 GC heap after
{Heap after GC invocations=8 (full 0):
 garbage-first heap   total reserved 4149248K, committed 321536K, used 193133K [0x0000000702c00000, 0x0000000800000000)
  region size 2048K, 5 young (10240K), 5 survivors (10240K)
 Metaspace       used 20611K, committed 21056K, reserved 1114112K
  class space    used 2931K, committed 3136K, reserved 1048576K
}
Event: 12.904 GC heap before
{Heap before GC invocations=9 (full 0):
 garbage-first heap   total reserved 4149248K, committed 327680K, used 289389K [0x0000000702c00000, 0x0000000800000000)
  region size 2048K, 52 young (106496K), 5 survivors (10240K)
 Metaspace       used 32856K, committed 33536K, reserved 1114112K
  class space    used 4399K, committed 4672K, reserved 1048576K
}
Event: 12.913 GC heap after
{Heap after GC invocations=10 (full 0):
 garbage-first heap   total reserved 4149248K, committed 425984K, used 205553K [0x0000000702c00000, 0x0000000800000000)
  region size 2048K, 7 young (14336K), 7 survivors (14336K)
 Metaspace       used 32856K, committed 33536K, reserved 1114112K
  class space    used 4399K, committed 4672K, reserved 1048576K
}

