# JRE version: OpenJDK Runtime Environment (22.0+36) (build 22+36-2370)
# Java VM: OpenJDK 64-Bit Server VM (22+36-2370, mixed mode, sharing, tiered, compressed oops, compressed class ptrs, g1 gc, windows-amd64)
GC Precious Log:
 CardTable entry size: 512
 Card Set container configuration: InlinePtr #cards 4 size 8 Array Of Cards #cards 16 size 48 Howl #buckets 8 coarsen threshold 3686 Howl Bitmap #cards 512 size 80 coarsen threshold 460 Card regions per heap region 1 cards per card region 4096
 CPUs: 8 total, 8 available
 Memory: 16202M
 Large Page Support: Disabled
 NUMA Support: Disabled
 Compressed Oops: Enabled (Zero based)
 Heap Region Size: 2M
 Heap Min Capacity: 8M
 Heap Initial Capacity: 254M
 Heap Max Capacity: 4052M
 Pre-touch: Disabled
 Parallel Workers: 8
 Concurrent Workers: 2
 Concurrent Refinement Workers: 8
 Periodic GC: Disabled
Heap:
 garbage-first heap   total reserved 4149248K, committed 440320K, used 225188K [0x0000000702c00000, 0x0000000800000000)
  region size 2048K, 17 young (34816K), 7 survivors (14336K)
 Metaspace       used 32723K, committed 33344K, reserved 1114112K
  class space    used 4375K, committed 4608K, reserved 1048576K
GC Heap History (14 events):
Event: 0.498 GC heap before
{Heap before GC invocations=0 (full 0):
 garbage-first heap   total reserved 4149248K, committed 260096K, used 22528K [0x0000000702c00000, 0x0000000800000000)
  region size 2048K, 12 young (24576K), 0 survivors (0K)
 Metaspace       used 4554K, committed 4800K, reserved 1114112K
  class space    used 514K, committed 640K, reserved 1048576K
}
Event: 0.500 GC heap after
{Heap after GC invocations=1 (full 0):
 garbage-first heap   total reserved 4149248K, committed 260096K, used 2847K [0x0000000702c00000, 0x0000000800000000)
  region size 2048K, 2 young (4096K), 2 survivors (4096K)
 Metaspace       used 4554K, committed 4800K, reserved 1114112K
  class space    used 514K, committed 640K, reserved 1048576K
}
Event: 1.120 GC heap before
{Heap before GC invocations=1 (full 0):
 garbage-first heap   total reserved 4149248K, committed 260096K, used 49951K [0x0000000702c00000, 0x0000000800000000)
  region size 2048K, 24 young (49152K), 2 survivors (4096K)
 Metaspace       used 15319K, committed 15744K, reserved 1114112K
  class space    used 1982K, committed 2176K, reserved 1048576K
}
Event: 1.125 GC heap after
{Heap after GC invocations=2 (full 0):
 garbage-first heap   total reserved 4149248K, committed 260096K, used 12707K [0x0000000702c00000, 0x0000000800000000)
  region size 2048K, 3 young (6144K), 3 survivors (6144K)
 Metaspace       used 15319K, committed 15744K, reserved 1114112K
  class space    used 1982K, committed 2176K, reserved 1048576K
}
Event: 1.379 GC heap before
{Heap before GC invocations=2 (full 0):
 garbage-first heap   total reserved 4149248K, committed 260096K, used 117155K [0x0000000702c00000, 0x0000000800000000)
  region size 2048K, 5 young (10240K), 3 survivors (6144K)
 Metaspace       used 15518K, committed 15872K, reserved 1114112K
  class space    used 2024K, committed 2176K, reserved 1048576K
}
Event: 1.381 GC heap after
{Heap after GC invocations=3 (full 0):
 garbage-first heap   total reserved 4149248K, committed 260096K, used 115784K [0x0000000702c00000, 0x0000000800000000)
  region size 2048K, 4 young (8192K), 4 survivors (8192K)
 Metaspace       used 15518K, committed 15872K, reserved 1114112K
  class space    used 2024K, committed 2176K, reserved 1048576K
}
Event: 1.436 GC heap before
{Heap before GC invocations=3 (full 0):
 garbage-first heap   total reserved 4149248K, committed 260096K, used 140360K [0x0000000702c00000, 0x0000000800000000)
  region size 2048K, 5 young (10240K), 4 survivors (8192K)
 Metaspace       used 15521K, committed 15872K, reserved 1114112K
  class space    used 2024K, committed 2176K, reserved 1048576K
}
Event: 1.439 GC heap after
{Heap after GC invocations=4 (full 0):
 garbage-first heap   total reserved 4149248K, committed 260096K, used 140167K [0x0000000702c00000, 0x0000000800000000)
  region size 2048K, 4 young (8192K), 4 survivors (8192K)
 Metaspace       used 15521K, committed 15872K, reserved 1114112K
  class space    used 2024K, committed 2176K, reserved 1048576K
}
Event: 1.494 GC heap before
{Heap before GC invocations=5 (full 0):
 garbage-first heap   total reserved 4149248K, committed 280576K, used 164743K [0x0000000702c00000, 0x0000000800000000)
  region size 2048K, 5 young (10240K), 4 survivors (8192K)
 Metaspace       used 15521K, committed 15872K, reserved 1114112K
  class space    used 2024K, committed 2176K, reserved 1048576K
}
Event: 1.498 GC heap after
{Heap after GC invocations=6 (full 0):
 garbage-first heap   total reserved 4149248K, committed 280576K, used 165130K [0x0000000702c00000, 0x0000000800000000)
  region size 2048K, 4 young (8192K), 4 survivors (8192K)
 Metaspace       used 15521K, committed 15872K, reserved 1114112K
  class space    used 2024K, committed 2176K, reserved 1048576K
}
Event: 1.970 GC heap before
{Heap before GC invocations=7 (full 0):
 garbage-first heap   total reserved 4149248K, committed 321536K, used 224522K [0x0000000702c00000, 0x0000000800000000)
  region size 2048K, 22 young (45056K), 4 survivors (8192K)
 Metaspace       used 20627K, committed 21056K, reserved 1114112K
  class space    used 2929K, committed 3136K, reserved 1048576K
}
Event: 1.978 GC heap after
{Heap after GC invocations=8 (full 0):
 garbage-first heap   total reserved 4149248K, committed 321536K, used 192795K [0x0000000702c00000, 0x0000000800000000)
  region size 2048K, 4 young (8192K), 4 survivors (8192K)
 Metaspace       used 20627K, committed 21056K, reserved 1114112K
  class space    used 2929K, committed 3136K, reserved 1048576K
}
Event: 14.739 GC heap before
{Heap before GC invocations=9 (full 0):
 garbage-first heap   total reserved 4149248K, committed 327680K, used 289051K [0x0000000702c00000, 0x0000000800000000)
  region size 2048K, 51 young (104448K), 4 survivors (8192K)
 Metaspace       used 32601K, committed 33152K, reserved 1114112K
  class space    used 4370K, committed 4608K, reserved 1048576K
}
Event: 14.749 GC heap after
{Heap after GC invocations=10 (full 0):
 garbage-first heap   total reserved 4149248K, committed 440320K, used 206756K [0x0000000702c00000, 0x0000000800000000)
  region size 2048K, 7 young (14336K), 7 survivors (14336K)
 Metaspace       used 32601K, committed 33152K, reserved 1114112K
  class space    used 4370K, committed 4608K, reserved 1048576K
}

